2018-05-22 15:33:54,267 INFO  info.magnolia.init.DefaultMagnoliaInitPaths       : servername is 33c5ed2dfc68, rootPath is /opt/tomcat/webapps/ROOT, webapp is ROOT, contextPath is 
Initializing Log4J
2018-05-22 15:33:55,385 INFO  info.magnolia.init.MagnoliaServletContextListener : Property sources loaded: [DefaultMagnoliaConfigurationProperties with sources: [SystemPropertySource][ServletContextPropertySource from WEB-INF/config/author/magnolia.properties][ServletContextPropertySource from WEB-INF/config/default/magnolia.properties][ModulePropertiesSource from modules [core, dam, freemarker-support, lang-da, lang-el, categorization-support, ce-product-descriptor, imaging-support, magnolia-cloud-apps, publishing-core, resource-loader, rest-client, rest-integration, config, i18n, publishing-receiver, publishing-sender, rest-content-delivery, rest-services, cache, rendering, ui-framework, virtual-uri, appswitcher, dam-jcr, ehcache3, imaging, resteasy-client, scheduler, templating, ui-mediaeditor, resources, task-management, templating-jsp, ui-admincentral, about-app, cache-app, groovy, log-tools, magnolia-resources-templating, messages-app, pages, password-manager, publishing-app, resources-app, security-app, site, ui-contentapp, cache-browser-app, contacts, dam-app, dam-imaging, dam-templating, definitions-app, google-sitemap, jcr-browser-app, jcr-tools, mail, mte-imaging, site-app, form, mte, javascript-models, mtk, rssaggregator, categorization, lang-ar, lang-cs, lang-de, lang-es, lang-fi, lang-fr, lang-he, lang-hr, lang-hu, lang-id, lang-it, lang-ja, lang-ko, lang-nl, lang-no, lang-pl, lang-pt, lang-pt_BR, lang-ru, lang-sk, lang-sq, lang-sv, lang-tr, lang-zh_CN, lang-zh_TW, webapp]][InitPathsPropertySource]]
---------------------------------------------
MAGNOLIA LICENSE
---------------------------------------------
Version number : 5.6.3
Core version   : 5.6.2
Build          : 21. February 2018 (rev. 52c466941907c3c7976850109921a19d25c9c9b2 of UNKNOWN)
Edition        : Community Edition
Provider       : Magnolia International Ltd. (info@magnolia-cms.com)
2018-05-22 15:33:55,398 INFO  info.magnolia.cms.beans.config.ConfigLoader       : Initializing content repositories
2018-05-22 15:33:55,398 INFO  info.magnolia.repository.DefaultRepositoryManager : Loading JCR
2018-05-22 15:33:55,407 INFO  info.magnolia.repository.DefaultRepositoryManager : Loading JCR magnolia
2018-05-22 15:33:55,457 INFO  info.magnolia.jackrabbit.ProviderImpl             : Loading repository at /opt/mgnl/author/jackrabbit/repositories/magnolia (config file: /opt/tomcat/webapps/ROOT/WEB-INF/config/repo-conf/jackrabbit-bundle-mysql-search.xml) - cluster id: "<unset>"
2018-05-22 15:33:56,009 ERROR org.apache.jackrabbit.core.RepositoryImpl         : failed to start Repository: Cannot instantiate persistence manager org.apache.jackrabbit.core.persistence.pool.MySqlPersistenceManager
javax.jcr.RepositoryException: Cannot instantiate persistence manager org.apache.jackrabbit.core.persistence.pool.MySqlPersistenceManager
	at org.apache.jackrabbit.core.RepositoryImpl.createPersistenceManager(RepositoryImpl.java:1379) ~[jackrabbit-core-2.12.4.jar:2.12.4]
	at org.apache.jackrabbit.core.RepositoryImpl.createVersionManager(RepositoryImpl.java:512) ~[jackrabbit-core-2.12.4.jar:2.12.4]
	at org.apache.jackrabbit.core.RepositoryImpl.<init>(RepositoryImpl.java:313) [jackrabbit-core-2.12.4.jar:2.12.4]
	at org.apache.jackrabbit.core.RepositoryImpl.create(RepositoryImpl.java:615) [jackrabbit-core-2.12.4.jar:2.12.4]
	at org.apache.jackrabbit.core.jndi.BindableRepository.createRepository(BindableRepository.java:141) [jackrabbit-core-2.12.4.jar:2.12.4]
	at org.apache.jackrabbit.core.jndi.BindableRepository.init(BindableRepository.java:117) [jackrabbit-core-2.12.4.jar:2.12.4]
	at org.apache.jackrabbit.core.jndi.BindableRepository.<init>(BindableRepository.java:106) [jackrabbit-core-2.12.4.jar:2.12.4]
	at org.apache.jackrabbit.core.jndi.BindableRepositoryFactory.getObjectInstance(BindableRepositoryFactory.java:52) [jackrabbit-core-2.12.4.jar:2.12.4]
	at org.apache.jackrabbit.core.jndi.RegistryHelper.registerRepository(RegistryHelper.java:74) [jackrabbit-core-2.12.4.jar:2.12.4]
	at info.magnolia.jackrabbit.ProviderImpl.init(ProviderImpl.java:223) [magnolia-core-5.6.2.jar:?]
	at info.magnolia.repository.DefaultRepositoryManager.loadRepository(DefaultRepositoryManager.java:259) [magnolia-core-5.6.2.jar:?]
	at info.magnolia.repository.DefaultRepositoryManager.loadRepositories(DefaultRepositoryManager.java:222) [magnolia-core-5.6.2.jar:?]
	at info.magnolia.repository.DefaultRepositoryManager.init(DefaultRepositoryManager.java:121) [magnolia-core-5.6.2.jar:?]
	at info.magnolia.cms.beans.config.ConfigLoader.load(ConfigLoader.java:136) [magnolia-core-5.6.2.jar:?]
	at info.magnolia.init.MagnoliaServletContextListener$1.doExec(MagnoliaServletContextListener.java:259) [magnolia-core-5.6.2.jar:?]
	at info.magnolia.context.MgnlContext$VoidOp.exec(MgnlContext.java:407) [magnolia-core-5.6.2.jar:?]
	at info.magnolia.context.MgnlContext$VoidOp.exec(MgnlContext.java:404) [magnolia-core-5.6.2.jar:?]
	at info.magnolia.context.MgnlContext.doInSystemContext(MgnlContext.java:378) [magnolia-core-5.6.2.jar:?]
	at info.magnolia.init.MagnoliaServletContextListener.startServer(MagnoliaServletContextListener.java:256) [magnolia-core-5.6.2.jar:?]
	at info.magnolia.init.MagnoliaServletContextListener.contextInitialized(MagnoliaServletContextListener.java:182) [magnolia-core-5.6.2.jar:?]
	at info.magnolia.init.MagnoliaServletContextListener.contextInitialized(MagnoliaServletContextListener.java:128) [magnolia-core-5.6.2.jar:?]
	at org.apache.catalina.core.StandardContext.listenerStart(StandardContext.java:4792) [catalina.jar:8.5.31]
	at org.apache.catalina.core.StandardContext.startInternal(StandardContext.java:5256) [catalina.jar:8.5.31]
	at org.apache.catalina.util.LifecycleBase.start(LifecycleBase.java:150) [catalina.jar:8.5.31]
	at org.apache.catalina.core.ContainerBase.addChildInternal(ContainerBase.java:754) [catalina.jar:8.5.31]
	at org.apache.catalina.core.ContainerBase.addChild(ContainerBase.java:730) [catalina.jar:8.5.31]
	at org.apache.catalina.core.StandardHost.addChild(StandardHost.java:734) [catalina.jar:8.5.31]
	at org.apache.catalina.startup.HostConfig.deployWAR(HostConfig.java:985) [catalina.jar:8.5.31]
	at org.apache.catalina.startup.HostConfig$DeployWar.run(HostConfig.java:1857) [catalina.jar:8.5.31]
	at java.util.concurrent.Executors$RunnableAdapter.call(Executors.java:511) [?:1.8.0_172]
	at java.util.concurrent.FutureTask.run(FutureTask.java:266) [?:1.8.0_172]
	at java.util.concurrent.ThreadPoolExecutor.runWorker(ThreadPoolExecutor.java:1149) [?:1.8.0_172]
	at java.util.concurrent.ThreadPoolExecutor$Worker.run(ThreadPoolExecutor.java:624) [?:1.8.0_172]
	at java.lang.Thread.run(Thread.java:748) [?:1.8.0_172]
Caused by: java.sql.SQLException: Cannot create PoolableConnectionFactory (Communications link failure

The last packet sent successfully to the server was 0 milliseconds ago. The driver has not received any packets from the server.)
	at org.apache.tomcat.dbcp.dbcp2.BasicDataSource.createPoolableConnectionFactory(BasicDataSource.java:2342) ~[tomcat-dbcp.jar:8.5.31]
	at org.apache.tomcat.dbcp.dbcp2.BasicDataSource.createDataSource(BasicDataSource.java:2067) ~[tomcat-dbcp.jar:8.5.31]
	at org.apache.tomcat.dbcp.dbcp2.BasicDataSource.getConnection(BasicDataSource.java:1543) ~[tomcat-dbcp.jar:8.5.31]
	at org.apache.jackrabbit.core.util.db.ConnectionHelper.getExtraNameCharacters(ConnectionHelper.java:185) ~[jackrabbit-data-2.12.4.jar:2.12.4]
	at org.apache.jackrabbit.core.util.db.ConnectionHelper.prepareDbIdentifier(ConnectionHelper.java:140) ~[jackrabbit-data-2.12.4.jar:2.12.4]
	at org.apache.jackrabbit.core.persistence.pool.BundleDbPersistenceManager.init(BundleDbPersistenceManager.java:542) ~[jackrabbit-core-2.12.4.jar:2.12.4]
	at org.apache.jackrabbit.core.persistence.pool.MySqlPersistenceManager.init(MySqlPersistenceManager.java:51) ~[jackrabbit-core-2.12.4.jar:2.12.4]
	at org.apache.jackrabbit.core.RepositoryImpl.createPersistenceManager(RepositoryImpl.java:1375) ~[jackrabbit-core-2.12.4.jar:2.12.4]
	... 33 more
Caused by: com.mysql.jdbc.exceptions.jdbc4.CommunicationsException: Communications link failure

The last packet sent successfully to the server was 0 milliseconds ago. The driver has not received any packets from the server.
	at sun.reflect.NativeConstructorAccessorImpl.newInstance0(Native Method) ~[?:1.8.0_172]
	at sun.reflect.NativeConstructorAccessorImpl.newInstance(NativeConstructorAccessorImpl.java:62) ~[?:1.8.0_172]
	at sun.reflect.DelegatingConstructorAccessorImpl.newInstance(DelegatingConstructorAccessorImpl.java:45) ~[?:1.8.0_172]
	at java.lang.reflect.Constructor.newInstance(Constructor.java:423) ~[?:1.8.0_172]
	at com.mysql.jdbc.Util.handleNewInstance(Util.java:408) ~[mysql-connector-java-5.1.31.jar:?]
	at com.mysql.jdbc.SQLError.createCommunicationsException(SQLError.java:1137) ~[mysql-connector-java-5.1.31.jar:?]
	at com.mysql.jdbc.MysqlIO.<init>(MysqlIO.java:356) ~[mysql-connector-java-5.1.31.jar:?]
	at com.mysql.jdbc.ConnectionImpl.coreConnect(ConnectionImpl.java:2504) ~[mysql-connector-java-5.1.31.jar:?]
	at com.mysql.jdbc.ConnectionImpl.connectOneTryOnly(ConnectionImpl.java:2541) ~[mysql-connector-java-5.1.31.jar:?]
	at com.mysql.jdbc.ConnectionImpl.createNewIO(ConnectionImpl.java:2323) ~[mysql-connector-java-5.1.31.jar:?]
	at com.mysql.jdbc.ConnectionImpl.<init>(ConnectionImpl.java:832) ~[mysql-connector-java-5.1.31.jar:?]
	at com.mysql.jdbc.JDBC4Connection.<init>(JDBC4Connection.java:46) ~[mysql-connector-java-5.1.31.jar:?]
	at sun.reflect.NativeConstructorAccessorImpl.newInstance0(Native Method) ~[?:1.8.0_172]
	at sun.reflect.NativeConstructorAccessorImpl.newInstance(NativeConstructorAccessorImpl.java:62) ~[?:1.8.0_172]
	at sun.reflect.DelegatingConstructorAccessorImpl.newInstance(DelegatingConstructorAccessorImpl.java:45) ~[?:1.8.0_172]
	at java.lang.reflect.Constructor.newInstance(Constructor.java:423) ~[?:1.8.0_172]
	at com.mysql.jdbc.Util.handleNewInstance(Util.java:408) ~[mysql-connector-java-5.1.31.jar:?]
	at com.mysql.jdbc.ConnectionImpl.getInstance(ConnectionImpl.java:417) ~[mysql-connector-java-5.1.31.jar:?]
	at com.mysql.jdbc.NonRegisteringDriver.connect(NonRegisteringDriver.java:344) ~[mysql-connector-java-5.1.31.jar:?]
	at org.apache.tomcat.dbcp.dbcp2.DriverConnectionFactory.createConnection(DriverConnectionFactory.java:38) ~[tomcat-dbcp.jar:8.5.31]
	at org.apache.tomcat.dbcp.dbcp2.PoolableConnectionFactory.makeObject(PoolableConnectionFactory.java:262) ~[tomcat-dbcp.jar:8.5.31]
	at org.apache.tomcat.dbcp.dbcp2.BasicDataSource.validateConnectionFactory(BasicDataSource.java:2352) ~[tomcat-dbcp.jar:8.5.31]
	at org.apache.tomcat.dbcp.dbcp2.BasicDataSource.createPoolableConnectionFactory(BasicDataSource.java:2338) ~[tomcat-dbcp.jar:8.5.31]
	at org.apache.tomcat.dbcp.dbcp2.BasicDataSource.createDataSource(BasicDataSource.java:2067) ~[tomcat-dbcp.jar:8.5.31]
	at org.apache.tomcat.dbcp.dbcp2.BasicDataSource.getConnection(BasicDataSource.java:1543) ~[tomcat-dbcp.jar:8.5.31]
	at org.apache.jackrabbit.core.util.db.ConnectionHelper.getExtraNameCharacters(ConnectionHelper.java:185) ~[jackrabbit-data-2.12.4.jar:2.12.4]
	at org.apache.jackrabbit.core.util.db.ConnectionHelper.prepareDbIdentifier(ConnectionHelper.java:140) ~[jackrabbit-data-2.12.4.jar:2.12.4]
	at org.apache.jackrabbit.core.persistence.pool.BundleDbPersistenceManager.init(BundleDbPersistenceManager.java:542) ~[jackrabbit-core-2.12.4.jar:2.12.4]
	at org.apache.jackrabbit.core.persistence.pool.MySqlPersistenceManager.init(MySqlPersistenceManager.java:51) ~[jackrabbit-core-2.12.4.jar:2.12.4]
	at org.apache.jackrabbit.core.RepositoryImpl.createPersistenceManager(RepositoryImpl.java:1375) ~[jackrabbit-core-2.12.4.jar:2.12.4]
	... 33 more
Caused by: java.net.ConnectException: Connection refused (Connection refused)
	at java.net.PlainSocketImpl.socketConnect(Native Method) ~[?:1.8.0_172]
	at java.net.AbstractPlainSocketImpl.doConnect(AbstractPlainSocketImpl.java:350) ~[?:1.8.0_172]
	at java.net.AbstractPlainSocketImpl.connectToAddress(AbstractPlainSocketImpl.java:206) ~[?:1.8.0_172]
	at java.net.AbstractPlainSocketImpl.connect(AbstractPlainSocketImpl.java:188) ~[?:1.8.0_172]
	at java.net.SocksSocketImpl.connect(SocksSocketImpl.java:392) ~[?:1.8.0_172]
	at java.net.Socket.connect(Socket.java:589) ~[?:1.8.0_172]
	at java.net.Socket.connect(Socket.java:538) ~[?:1.8.0_172]
	at java.net.Socket.<init>(Socket.java:434) ~[?:1.8.0_172]
	at java.net.Socket.<init>(Socket.java:244) ~[?:1.8.0_172]
	at com.mysql.jdbc.StandardSocketFactory.connect(StandardSocketFactory.java:258) ~[mysql-connector-java-5.1.31.jar:?]
	at com.mysql.jdbc.MysqlIO.<init>(MysqlIO.java:306) ~[mysql-connector-java-5.1.31.jar:?]
	at com.mysql.jdbc.ConnectionImpl.coreConnect(ConnectionImpl.java:2504) ~[mysql-connector-java-5.1.31.jar:?]
	at com.mysql.jdbc.ConnectionImpl.connectOneTryOnly(ConnectionImpl.java:2541) ~[mysql-connector-java-5.1.31.jar:?]
	at com.mysql.jdbc.ConnectionImpl.createNewIO(ConnectionImpl.java:2323) ~[mysql-connector-java-5.1.31.jar:?]
	at com.mysql.jdbc.ConnectionImpl.<init>(ConnectionImpl.java:832) ~[mysql-connector-java-5.1.31.jar:?]
	at com.mysql.jdbc.JDBC4Connection.<init>(JDBC4Connection.java:46) ~[mysql-connector-java-5.1.31.jar:?]
	at sun.reflect.NativeConstructorAccessorImpl.newInstance0(Native Method) ~[?:1.8.0_172]
	at sun.reflect.NativeConstructorAccessorImpl.newInstance(NativeConstructorAccessorImpl.java:62) ~[?:1.8.0_172]
	at sun.reflect.DelegatingConstructorAccessorImpl.newInstance(DelegatingConstructorAccessorImpl.java:45) ~[?:1.8.0_172]
	at java.lang.reflect.Constructor.newInstance(Constructor.java:423) ~[?:1.8.0_172]
	at com.mysql.jdbc.Util.handleNewInstance(Util.java:408) ~[mysql-connector-java-5.1.31.jar:?]
	at com.mysql.jdbc.ConnectionImpl.getInstance(ConnectionImpl.java:417) ~[mysql-connector-java-5.1.31.jar:?]
	at com.mysql.jdbc.NonRegisteringDriver.connect(NonRegisteringDriver.java:344) ~[mysql-connector-java-5.1.31.jar:?]
	at org.apache.tomcat.dbcp.dbcp2.DriverConnectionFactory.createConnection(DriverConnectionFactory.java:38) ~[tomcat-dbcp.jar:8.5.31]
	at org.apache.tomcat.dbcp.dbcp2.PoolableConnectionFactory.makeObject(PoolableConnectionFactory.java:262) ~[tomcat-dbcp.jar:8.5.31]
	at org.apache.tomcat.dbcp.dbcp2.BasicDataSource.validateConnectionFactory(BasicDataSource.java:2352) ~[tomcat-dbcp.jar:8.5.31]
	at org.apache.tomcat.dbcp.dbcp2.BasicDataSource.createPoolableConnectionFactory(BasicDataSource.java:2338) ~[tomcat-dbcp.jar:8.5.31]
	at org.apache.tomcat.dbcp.dbcp2.BasicDataSource.createDataSource(BasicDataSource.java:2067) ~[tomcat-dbcp.jar:8.5.31]
	at org.apache.tomcat.dbcp.dbcp2.BasicDataSource.getConnection(BasicDataSource.java:1543) ~[tomcat-dbcp.jar:8.5.31]
	at org.apache.jackrabbit.core.util.db.ConnectionHelper.getExtraNameCharacters(ConnectionHelper.java:185) ~[jackrabbit-data-2.12.4.jar:2.12.4]
	at org.apache.jackrabbit.core.util.db.ConnectionHelper.prepareDbIdentifier(ConnectionHelper.java:140) ~[jackrabbit-data-2.12.4.jar:2.12.4]
	at org.apache.jackrabbit.core.persistence.pool.BundleDbPersistenceManager.init(BundleDbPersistenceManager.java:542) ~[jackrabbit-core-2.12.4.jar:2.12.4]
	at org.apache.jackrabbit.core.persistence.pool.MySqlPersistenceManager.init(MySqlPersistenceManager.java:51) ~[jackrabbit-core-2.12.4.jar:2.12.4]
	at org.apache.jackrabbit.core.RepositoryImpl.createPersistenceManager(RepositoryImpl.java:1375) ~[jackrabbit-core-2.12.4.jar:2.12.4]
	... 33 more
2018-05-22 15:33:56,023 ERROR info.magnolia.jackrabbit.ProviderImpl             : Unable to initialize repository: Cannot instantiate persistence manager org.apache.jackrabbit.core.persistence.pool.MySqlPersistenceManager
javax.jcr.RepositoryException: Cannot instantiate persistence manager org.apache.jackrabbit.core.persistence.pool.MySqlPersistenceManager
	at org.apache.jackrabbit.core.RepositoryImpl.createPersistenceManager(RepositoryImpl.java:1379) ~[jackrabbit-core-2.12.4.jar:2.12.4]
	at org.apache.jackrabbit.core.RepositoryImpl.createVersionManager(RepositoryImpl.java:512) ~[jackrabbit-core-2.12.4.jar:2.12.4]
	at org.apache.jackrabbit.core.RepositoryImpl.<init>(RepositoryImpl.java:313) ~[jackrabbit-core-2.12.4.jar:2.12.4]
	at org.apache.jackrabbit.core.RepositoryImpl.create(RepositoryImpl.java:615) ~[jackrabbit-core-2.12.4.jar:2.12.4]
	at org.apache.jackrabbit.core.jndi.BindableRepository.createRepository(BindableRepository.java:141) ~[jackrabbit-core-2.12.4.jar:2.12.4]
	at org.apache.jackrabbit.core.jndi.BindableRepository.init(BindableRepository.java:117) ~[jackrabbit-core-2.12.4.jar:2.12.4]
	at org.apache.jackrabbit.core.jndi.BindableRepository.<init>(BindableRepository.java:106) ~[jackrabbit-core-2.12.4.jar:2.12.4]
	at org.apache.jackrabbit.core.jndi.BindableRepositoryFactory.getObjectInstance(BindableRepositoryFactory.java:52) ~[jackrabbit-core-2.12.4.jar:2.12.4]
	at org.apache.jackrabbit.core.jndi.RegistryHelper.registerRepository(RegistryHelper.java:74) ~[jackrabbit-core-2.12.4.jar:2.12.4]
	at info.magnolia.jackrabbit.ProviderImpl.init(ProviderImpl.java:223) [magnolia-core-5.6.2.jar:?]
	at info.magnolia.repository.DefaultRepositoryManager.loadRepository(DefaultRepositoryManager.java:259) [magnolia-core-5.6.2.jar:?]
	at info.magnolia.repository.DefaultRepositoryManager.loadRepositories(DefaultRepositoryManager.java:222) [magnolia-core-5.6.2.jar:?]
	at info.magnolia.repository.DefaultRepositoryManager.init(DefaultRepositoryManager.java:121) [magnolia-core-5.6.2.jar:?]
	at info.magnolia.cms.beans.config.ConfigLoader.load(ConfigLoader.java:136) [magnolia-core-5.6.2.jar:?]
	at info.magnolia.init.MagnoliaServletContextListener$1.doExec(MagnoliaServletContextListener.java:259) [magnolia-core-5.6.2.jar:?]
	at info.magnolia.context.MgnlContext$VoidOp.exec(MgnlContext.java:407) [magnolia-core-5.6.2.jar:?]
	at info.magnolia.context.MgnlContext$VoidOp.exec(MgnlContext.java:404) [magnolia-core-5.6.2.jar:?]
	at info.magnolia.context.MgnlContext.doInSystemContext(MgnlContext.java:378) [magnolia-core-5.6.2.jar:?]
	at info.magnolia.init.MagnoliaServletContextListener.startServer(MagnoliaServletContextListener.java:256) [magnolia-core-5.6.2.jar:?]
	at info.magnolia.init.MagnoliaServletContextListener.contextInitialized(MagnoliaServletContextListener.java:182) [magnolia-core-5.6.2.jar:?]
	at info.magnolia.init.MagnoliaServletContextListener.contextInitialized(MagnoliaServletContextListener.java:128) [magnolia-core-5.6.2.jar:?]
	at org.apache.catalina.core.StandardContext.listenerStart(StandardContext.java:4792) [catalina.jar:8.5.31]
	at org.apache.catalina.core.StandardContext.startInternal(StandardContext.java:5256) [catalina.jar:8.5.31]
	at org.apache.catalina.util.LifecycleBase.start(LifecycleBase.java:150) [catalina.jar:8.5.31]
	at org.apache.catalina.core.ContainerBase.addChildInternal(ContainerBase.java:754) [catalina.jar:8.5.31]
	at org.apache.catalina.core.ContainerBase.addChild(ContainerBase.java:730) [catalina.jar:8.5.31]
	at org.apache.catalina.core.StandardHost.addChild(StandardHost.java:734) [catalina.jar:8.5.31]
	at org.apache.catalina.startup.HostConfig.deployWAR(HostConfig.java:985) [catalina.jar:8.5.31]
	at org.apache.catalina.startup.HostConfig$DeployWar.run(HostConfig.java:1857) [catalina.jar:8.5.31]
	at java.util.concurrent.Executors$RunnableAdapter.call(Executors.java:511) [?:1.8.0_172]
	at java.util.concurrent.FutureTask.run(FutureTask.java:266) [?:1.8.0_172]
	at java.util.concurrent.ThreadPoolExecutor.runWorker(ThreadPoolExecutor.java:1149) [?:1.8.0_172]
	at java.util.concurrent.ThreadPoolExecutor$Worker.run(ThreadPoolExecutor.java:624) [?:1.8.0_172]
	at java.lang.Thread.run(Thread.java:748) [?:1.8.0_172]
Caused by: java.sql.SQLException: Cannot create PoolableConnectionFactory (Communications link failure

The last packet sent successfully to the server was 0 milliseconds ago. The driver has not received any packets from the server.)
	at org.apache.tomcat.dbcp.dbcp2.BasicDataSource.createPoolableConnectionFactory(BasicDataSource.java:2342) ~[tomcat-dbcp.jar:8.5.31]
	at org.apache.tomcat.dbcp.dbcp2.BasicDataSource.createDataSource(BasicDataSource.java:2067) ~[tomcat-dbcp.jar:8.5.31]
	at org.apache.tomcat.dbcp.dbcp2.BasicDataSource.getConnection(BasicDataSource.java:1543) ~[tomcat-dbcp.jar:8.5.31]
	at org.apache.jackrabbit.core.util.db.ConnectionHelper.getExtraNameCharacters(ConnectionHelper.java:185) ~[jackrabbit-data-2.12.4.jar:2.12.4]
	at org.apache.jackrabbit.core.util.db.ConnectionHelper.prepareDbIdentifier(ConnectionHelper.java:140) ~[jackrabbit-data-2.12.4.jar:2.12.4]
	at org.apache.jackrabbit.core.persistence.pool.BundleDbPersistenceManager.init(BundleDbPersistenceManager.java:542) ~[jackrabbit-core-2.12.4.jar:2.12.4]
	at org.apache.jackrabbit.core.persistence.pool.MySqlPersistenceManager.init(MySqlPersistenceManager.java:51) ~[jackrabbit-core-2.12.4.jar:2.12.4]
	at org.apache.jackrabbit.core.RepositoryImpl.createPersistenceManager(RepositoryImpl.java:1375) ~[jackrabbit-core-2.12.4.jar:2.12.4]
	... 33 more
Caused by: com.mysql.jdbc.exceptions.jdbc4.CommunicationsException: Communications link failure

The last packet sent successfully to the server was 0 milliseconds ago. The driver has not received any packets from the server.
	at sun.reflect.NativeConstructorAccessorImpl.newInstance0(Native Method) ~[?:1.8.0_172]
	at sun.reflect.NativeConstructorAccessorImpl.newInstance(NativeConstructorAccessorImpl.java:62) ~[?:1.8.0_172]
	at sun.reflect.DelegatingConstructorAccessorImpl.newInstance(DelegatingConstructorAccessorImpl.java:45) ~[?:1.8.0_172]
	at java.lang.reflect.Constructor.newInstance(Constructor.java:423) ~[?:1.8.0_172]
	at com.mysql.jdbc.Util.handleNewInstance(Util.java:408) ~[mysql-connector-java-5.1.31.jar:?]
	at com.mysql.jdbc.SQLError.createCommunicationsException(SQLError.java:1137) ~[mysql-connector-java-5.1.31.jar:?]
	at com.mysql.jdbc.MysqlIO.<init>(MysqlIO.java:356) ~[mysql-connector-java-5.1.31.jar:?]
	at com.mysql.jdbc.ConnectionImpl.coreConnect(ConnectionImpl.java:2504) ~[mysql-connector-java-5.1.31.jar:?]
	at com.mysql.jdbc.ConnectionImpl.connectOneTryOnly(ConnectionImpl.java:2541) ~[mysql-connector-java-5.1.31.jar:?]
	at com.mysql.jdbc.ConnectionImpl.createNewIO(ConnectionImpl.java:2323) ~[mysql-connector-java-5.1.31.jar:?]
	at com.mysql.jdbc.ConnectionImpl.<init>(ConnectionImpl.java:832) ~[mysql-connector-java-5.1.31.jar:?]
	at com.mysql.jdbc.JDBC4Connection.<init>(JDBC4Connection.java:46) ~[mysql-connector-java-5.1.31.jar:?]
	at sun.reflect.NativeConstructorAccessorImpl.newInstance0(Native Method) ~[?:1.8.0_172]
	at sun.reflect.NativeConstructorAccessorImpl.newInstance(NativeConstructorAccessorImpl.java:62) ~[?:1.8.0_172]
	at sun.reflect.DelegatingConstructorAccessorImpl.newInstance(DelegatingConstructorAccessorImpl.java:45) ~[?:1.8.0_172]
	at java.lang.reflect.Constructor.newInstance(Constructor.java:423) ~[?:1.8.0_172]
	at com.mysql.jdbc.Util.handleNewInstance(Util.java:408) ~[mysql-connector-java-5.1.31.jar:?]
	at com.mysql.jdbc.ConnectionImpl.getInstance(ConnectionImpl.java:417) ~[mysql-connector-java-5.1.31.jar:?]
	at com.mysql.jdbc.NonRegisteringDriver.connect(NonRegisteringDriver.java:344) ~[mysql-connector-java-5.1.31.jar:?]
	at org.apache.tomcat.dbcp.dbcp2.DriverConnectionFactory.createConnection(DriverConnectionFactory.java:38) ~[tomcat-dbcp.jar:8.5.31]
	at org.apache.tomcat.dbcp.dbcp2.PoolableConnectionFactory.makeObject(PoolableConnectionFactory.java:262) ~[tomcat-dbcp.jar:8.5.31]
	at org.apache.tomcat.dbcp.dbcp2.BasicDataSource.validateConnectionFactory(BasicDataSource.java:2352) ~[tomcat-dbcp.jar:8.5.31]
	at org.apache.tomcat.dbcp.dbcp2.BasicDataSource.createPoolableConnectionFactory(BasicDataSource.java:2338) ~[tomcat-dbcp.jar:8.5.31]
	at org.apache.tomcat.dbcp.dbcp2.BasicDataSource.createDataSource(BasicDataSource.java:2067) ~[tomcat-dbcp.jar:8.5.31]
	at org.apache.tomcat.dbcp.dbcp2.BasicDataSource.getConnection(BasicDataSource.java:1543) ~[tomcat-dbcp.jar:8.5.31]
	at org.apache.jackrabbit.core.util.db.ConnectionHelper.getExtraNameCharacters(ConnectionHelper.java:185) ~[jackrabbit-data-2.12.4.jar:2.12.4]
	at org.apache.jackrabbit.core.util.db.ConnectionHelper.prepareDbIdentifier(ConnectionHelper.java:140) ~[jackrabbit-data-2.12.4.jar:2.12.4]
	at org.apache.jackrabbit.core.persistence.pool.BundleDbPersistenceManager.init(BundleDbPersistenceManager.java:542) ~[jackrabbit-core-2.12.4.jar:2.12.4]
	at org.apache.jackrabbit.core.persistence.pool.MySqlPersistenceManager.init(MySqlPersistenceManager.java:51) ~[jackrabbit-core-2.12.4.jar:2.12.4]
	at org.apache.jackrabbit.core.RepositoryImpl.createPersistenceManager(RepositoryImpl.java:1375) ~[jackrabbit-core-2.12.4.jar:2.12.4]
	... 33 more
Caused by: java.net.ConnectException: Connection refused (Connection refused)
	at java.net.PlainSocketImpl.socketConnect(Native Method) ~[?:1.8.0_172]
	at java.net.AbstractPlainSocketImpl.doConnect(AbstractPlainSocketImpl.java:350) ~[?:1.8.0_172]
	at java.net.AbstractPlainSocketImpl.connectToAddress(AbstractPlainSocketImpl.java:206) ~[?:1.8.0_172]
	at java.net.AbstractPlainSocketImpl.connect(AbstractPlainSocketImpl.java:188) ~[?:1.8.0_172]
	at java.net.SocksSocketImpl.connect(SocksSocketImpl.java:392) ~[?:1.8.0_172]
	at java.net.Socket.connect(Socket.java:589) ~[?:1.8.0_172]
	at java.net.Socket.connect(Socket.java:538) ~[?:1.8.0_172]
	at java.net.Socket.<init>(Socket.java:434) ~[?:1.8.0_172]
	at java.net.Socket.<init>(Socket.java:244) ~[?:1.8.0_172]
	at com.mysql.jdbc.StandardSocketFactory.connect(StandardSocketFactory.java:258) ~[mysql-connector-java-5.1.31.jar:?]
	at com.mysql.jdbc.MysqlIO.<init>(MysqlIO.java:306) ~[mysql-connector-java-5.1.31.jar:?]
	at com.mysql.jdbc.ConnectionImpl.coreConnect(ConnectionImpl.java:2504) ~[mysql-connector-java-5.1.31.jar:?]
	at com.mysql.jdbc.ConnectionImpl.connectOneTryOnly(ConnectionImpl.java:2541) ~[mysql-connector-java-5.1.31.jar:?]
	at com.mysql.jdbc.ConnectionImpl.createNewIO(ConnectionImpl.java:2323) ~[mysql-connector-java-5.1.31.jar:?]
	at com.mysql.jdbc.ConnectionImpl.<init>(ConnectionImpl.java:832) ~[mysql-connector-java-5.1.31.jar:?]
	at com.mysql.jdbc.JDBC4Connection.<init>(JDBC4Connection.java:46) ~[mysql-connector-java-5.1.31.jar:?]
	at sun.reflect.NativeConstructorAccessorImpl.newInstance0(Native Method) ~[?:1.8.0_172]
	at sun.reflect.NativeConstructorAccessorImpl.newInstance(NativeConstructorAccessorImpl.java:62) ~[?:1.8.0_172]
	at sun.reflect.DelegatingConstructorAccessorImpl.newInstance(DelegatingConstructorAccessorImpl.java:45) ~[?:1.8.0_172]
	at java.lang.reflect.Constructor.newInstance(Constructor.java:423) ~[?:1.8.0_172]
	at com.mysql.jdbc.Util.handleNewInstance(Util.java:408) ~[mysql-connector-java-5.1.31.jar:?]
	at com.mysql.jdbc.ConnectionImpl.getInstance(ConnectionImpl.java:417) ~[mysql-connector-java-5.1.31.jar:?]
	at com.mysql.jdbc.NonRegisteringDriver.connect(NonRegisteringDriver.java:344) ~[mysql-connector-java-5.1.31.jar:?]
	at org.apache.tomcat.dbcp.dbcp2.DriverConnectionFactory.createConnection(DriverConnectionFactory.java:38) ~[tomcat-dbcp.jar:8.5.31]
	at org.apache.tomcat.dbcp.dbcp2.PoolableConnectionFactory.makeObject(PoolableConnectionFactory.java:262) ~[tomcat-dbcp.jar:8.5.31]
	at org.apache.tomcat.dbcp.dbcp2.BasicDataSource.validateConnectionFactory(BasicDataSource.java:2352) ~[tomcat-dbcp.jar:8.5.31]
	at org.apache.tomcat.dbcp.dbcp2.BasicDataSource.createPoolableConnectionFactory(BasicDataSource.java:2338) ~[tomcat-dbcp.jar:8.5.31]
	at org.apache.tomcat.dbcp.dbcp2.BasicDataSource.createDataSource(BasicDataSource.java:2067) ~[tomcat-dbcp.jar:8.5.31]
	at org.apache.tomcat.dbcp.dbcp2.BasicDataSource.getConnection(BasicDataSource.java:1543) ~[tomcat-dbcp.jar:8.5.31]
	at org.apache.jackrabbit.core.util.db.ConnectionHelper.getExtraNameCharacters(ConnectionHelper.java:185) ~[jackrabbit-data-2.12.4.jar:2.12.4]
	at org.apache.jackrabbit.core.util.db.ConnectionHelper.prepareDbIdentifier(ConnectionHelper.java:140) ~[jackrabbit-data-2.12.4.jar:2.12.4]
	at org.apache.jackrabbit.core.persistence.pool.BundleDbPersistenceManager.init(BundleDbPersistenceManager.java:542) ~[jackrabbit-core-2.12.4.jar:2.12.4]
	at org.apache.jackrabbit.core.persistence.pool.MySqlPersistenceManager.init(MySqlPersistenceManager.java:51) ~[jackrabbit-core-2.12.4.jar:2.12.4]
	at org.apache.jackrabbit.core.RepositoryImpl.createPersistenceManager(RepositoryImpl.java:1375) ~[jackrabbit-core-2.12.4.jar:2.12.4]
	... 33 more
2018-05-22 15:33:56,025 ERROR info.magnolia.repository.DefaultRepositoryManager : javax.jcr.RepositoryException: Cannot instantiate persistence manager org.apache.jackrabbit.core.persistence.pool.MySqlPersistenceManager
info.magnolia.repository.RepositoryNotInitializedException: javax.jcr.RepositoryException: Cannot instantiate persistence manager org.apache.jackrabbit.core.persistence.pool.MySqlPersistenceManager
	at info.magnolia.jackrabbit.ProviderImpl.init(ProviderImpl.java:232) ~[magnolia-core-5.6.2.jar:?]
	at info.magnolia.repository.DefaultRepositoryManager.loadRepository(DefaultRepositoryManager.java:259) ~[magnolia-core-5.6.2.jar:?]
	at info.magnolia.repository.DefaultRepositoryManager.loadRepositories(DefaultRepositoryManager.java:222) ~[magnolia-core-5.6.2.jar:?]
	at info.magnolia.repository.DefaultRepositoryManager.init(DefaultRepositoryManager.java:121) [magnolia-core-5.6.2.jar:?]
	at info.magnolia.cms.beans.config.ConfigLoader.load(ConfigLoader.java:136) [magnolia-core-5.6.2.jar:?]
	at info.magnolia.init.MagnoliaServletContextListener$1.doExec(MagnoliaServletContextListener.java:259) [magnolia-core-5.6.2.jar:?]
	at info.magnolia.context.MgnlContext$VoidOp.exec(MgnlContext.java:407) [magnolia-core-5.6.2.jar:?]
	at info.magnolia.context.MgnlContext$VoidOp.exec(MgnlContext.java:404) [magnolia-core-5.6.2.jar:?]
	at info.magnolia.context.MgnlContext.doInSystemContext(MgnlContext.java:378) [magnolia-core-5.6.2.jar:?]
	at info.magnolia.init.MagnoliaServletContextListener.startServer(MagnoliaServletContextListener.java:256) [magnolia-core-5.6.2.jar:?]
	at info.magnolia.init.MagnoliaServletContextListener.contextInitialized(MagnoliaServletContextListener.java:182) [magnolia-core-5.6.2.jar:?]
	at info.magnolia.init.MagnoliaServletContextListener.contextInitialized(MagnoliaServletContextListener.java:128) [magnolia-core-5.6.2.jar:?]
	at org.apache.catalina.core.StandardContext.listenerStart(StandardContext.java:4792) [catalina.jar:8.5.31]
	at org.apache.catalina.core.StandardContext.startInternal(StandardContext.java:5256) [catalina.jar:8.5.31]
	at org.apache.catalina.util.LifecycleBase.start(LifecycleBase.java:150) [catalina.jar:8.5.31]
	at org.apache.catalina.core.ContainerBase.addChildInternal(ContainerBase.java:754) [catalina.jar:8.5.31]
	at org.apache.catalina.core.ContainerBase.addChild(ContainerBase.java:730) [catalina.jar:8.5.31]
	at org.apache.catalina.core.StandardHost.addChild(StandardHost.java:734) [catalina.jar:8.5.31]
	at org.apache.catalina.startup.HostConfig.deployWAR(HostConfig.java:985) [catalina.jar:8.5.31]
	at org.apache.catalina.startup.HostConfig$DeployWar.run(HostConfig.java:1857) [catalina.jar:8.5.31]
	at java.util.concurrent.Executors$RunnableAdapter.call(Executors.java:511) [?:1.8.0_172]
	at java.util.concurrent.FutureTask.run(FutureTask.java:266) [?:1.8.0_172]
	at java.util.concurrent.ThreadPoolExecutor.runWorker(ThreadPoolExecutor.java:1149) [?:1.8.0_172]
	at java.util.concurrent.ThreadPoolExecutor$Worker.run(ThreadPoolExecutor.java:624) [?:1.8.0_172]
	at java.lang.Thread.run(Thread.java:748) [?:1.8.0_172]
Caused by: javax.jcr.RepositoryException: Cannot instantiate persistence manager org.apache.jackrabbit.core.persistence.pool.MySqlPersistenceManager
	at org.apache.jackrabbit.core.RepositoryImpl.createPersistenceManager(RepositoryImpl.java:1379) ~[jackrabbit-core-2.12.4.jar:2.12.4]
	at org.apache.jackrabbit.core.RepositoryImpl.createVersionManager(RepositoryImpl.java:512) ~[jackrabbit-core-2.12.4.jar:2.12.4]
	at org.apache.jackrabbit.core.RepositoryImpl.<init>(RepositoryImpl.java:313) ~[jackrabbit-core-2.12.4.jar:2.12.4]
	at org.apache.jackrabbit.core.RepositoryImpl.create(RepositoryImpl.java:615) ~[jackrabbit-core-2.12.4.jar:2.12.4]
	at org.apache.jackrabbit.core.jndi.BindableRepository.createRepository(BindableRepository.java:141) ~[jackrabbit-core-2.12.4.jar:2.12.4]
	at org.apache.jackrabbit.core.jndi.BindableRepository.init(BindableRepository.java:117) ~[jackrabbit-core-2.12.4.jar:2.12.4]
	at org.apache.jackrabbit.core.jndi.BindableRepository.<init>(BindableRepository.java:106) ~[jackrabbit-core-2.12.4.jar:2.12.4]
	at org.apache.jackrabbit.core.jndi.BindableRepositoryFactory.getObjectInstance(BindableRepositoryFactory.java:52) ~[jackrabbit-core-2.12.4.jar:2.12.4]
	at org.apache.jackrabbit.core.jndi.RegistryHelper.registerRepository(RegistryHelper.java:74) ~[jackrabbit-core-2.12.4.jar:2.12.4]
	at info.magnolia.jackrabbit.ProviderImpl.init(ProviderImpl.java:223) ~[magnolia-core-5.6.2.jar:?]
	... 24 more
Caused by: java.sql.SQLException: Cannot create PoolableConnectionFactory (Communications link failure

The last packet sent successfully to the server was 0 milliseconds ago. The driver has not received any packets from the server.)
	at org.apache.tomcat.dbcp.dbcp2.BasicDataSource.createPoolableConnectionFactory(BasicDataSource.java:2342) ~[tomcat-dbcp.jar:8.5.31]
	at org.apache.tomcat.dbcp.dbcp2.BasicDataSource.createDataSource(BasicDataSource.java:2067) ~[tomcat-dbcp.jar:8.5.31]
	at org.apache.tomcat.dbcp.dbcp2.BasicDataSource.getConnection(BasicDataSource.java:1543) ~[tomcat-dbcp.jar:8.5.31]
	at org.apache.jackrabbit.core.util.db.ConnectionHelper.getExtraNameCharacters(ConnectionHelper.java:185) ~[jackrabbit-data-2.12.4.jar:2.12.4]
	at org.apache.jackrabbit.core.util.db.ConnectionHelper.prepareDbIdentifier(ConnectionHelper.java:140) ~[jackrabbit-data-2.12.4.jar:2.12.4]
	at org.apache.jackrabbit.core.persistence.pool.BundleDbPersistenceManager.init(BundleDbPersistenceManager.java:542) ~[jackrabbit-core-2.12.4.jar:2.12.4]
	at org.apache.jackrabbit.core.persistence.pool.MySqlPersistenceManager.init(MySqlPersistenceManager.java:51) ~[jackrabbit-core-2.12.4.jar:2.12.4]
	at org.apache.jackrabbit.core.RepositoryImpl.createPersistenceManager(RepositoryImpl.java:1375) ~[jackrabbit-core-2.12.4.jar:2.12.4]
	at org.apache.jackrabbit.core.RepositoryImpl.createVersionManager(RepositoryImpl.java:512) ~[jackrabbit-core-2.12.4.jar:2.12.4]
	at org.apache.jackrabbit.core.RepositoryImpl.<init>(RepositoryImpl.java:313) ~[jackrabbit-core-2.12.4.jar:2.12.4]
	at org.apache.jackrabbit.core.RepositoryImpl.create(RepositoryImpl.java:615) ~[jackrabbit-core-2.12.4.jar:2.12.4]
	at org.apache.jackrabbit.core.jndi.BindableRepository.createRepository(BindableRepository.java:141) ~[jackrabbit-core-2.12.4.jar:2.12.4]
	at org.apache.jackrabbit.core.jndi.BindableRepository.init(BindableRepository.java:117) ~[jackrabbit-core-2.12.4.jar:2.12.4]
	at org.apache.jackrabbit.core.jndi.BindableRepository.<init>(BindableRepository.java:106) ~[jackrabbit-core-2.12.4.jar:2.12.4]
	at org.apache.jackrabbit.core.jndi.BindableRepositoryFactory.getObjectInstance(BindableRepositoryFactory.java:52) ~[jackrabbit-core-2.12.4.jar:2.12.4]
	at org.apache.jackrabbit.core.jndi.RegistryHelper.registerRepository(RegistryHelper.java:74) ~[jackrabbit-core-2.12.4.jar:2.12.4]
	at info.magnolia.jackrabbit.ProviderImpl.init(ProviderImpl.java:223) ~[magnolia-core-5.6.2.jar:?]
	... 24 more
Caused by: com.mysql.jdbc.exceptions.jdbc4.CommunicationsException: Communications link failure

The last packet sent successfully to the server was 0 milliseconds ago. The driver has not received any packets from the server.
	at sun.reflect.NativeConstructorAccessorImpl.newInstance0(Native Method) ~[?:1.8.0_172]
	at sun.reflect.NativeConstructorAccessorImpl.newInstance(NativeConstructorAccessorImpl.java:62) ~[?:1.8.0_172]
	at sun.reflect.DelegatingConstructorAccessorImpl.newInstance(DelegatingConstructorAccessorImpl.java:45) ~[?:1.8.0_172]
	at java.lang.reflect.Constructor.newInstance(Constructor.java:423) ~[?:1.8.0_172]
	at com.mysql.jdbc.Util.handleNewInstance(Util.java:408) ~[mysql-connector-java-5.1.31.jar:?]
	at com.mysql.jdbc.SQLError.createCommunicationsException(SQLError.java:1137) ~[mysql-connector-java-5.1.31.jar:?]
	at com.mysql.jdbc.MysqlIO.<init>(MysqlIO.java:356) ~[mysql-connector-java-5.1.31.jar:?]
	at com.mysql.jdbc.ConnectionImpl.coreConnect(ConnectionImpl.java:2504) ~[mysql-connector-java-5.1.31.jar:?]
	at com.mysql.jdbc.ConnectionImpl.connectOneTryOnly(ConnectionImpl.java:2541) ~[mysql-connector-java-5.1.31.jar:?]
	at com.mysql.jdbc.ConnectionImpl.createNewIO(ConnectionImpl.java:2323) ~[mysql-connector-java-5.1.31.jar:?]
	at com.mysql.jdbc.ConnectionImpl.<init>(ConnectionImpl.java:832) ~[mysql-connector-java-5.1.31.jar:?]
	at com.mysql.jdbc.JDBC4Connection.<init>(JDBC4Connection.java:46) ~[mysql-connector-java-5.1.31.jar:?]
	at sun.reflect.NativeConstructorAccessorImpl.newInstance0(Native Method) ~[?:1.8.0_172]
	at sun.reflect.NativeConstructorAccessorImpl.newInstance(NativeConstructorAccessorImpl.java:62) ~[?:1.8.0_172]
	at sun.reflect.DelegatingConstructorAccessorImpl.newInstance(DelegatingConstructorAccessorImpl.java:45) ~[?:1.8.0_172]
	at java.lang.reflect.Constructor.newInstance(Constructor.java:423) ~[?:1.8.0_172]
	at com.mysql.jdbc.Util.handleNewInstance(Util.java:408) ~[mysql-connector-java-5.1.31.jar:?]
	at com.mysql.jdbc.ConnectionImpl.getInstance(ConnectionImpl.java:417) ~[mysql-connector-java-5.1.31.jar:?]
	at com.mysql.jdbc.NonRegisteringDriver.connect(NonRegisteringDriver.java:344) ~[mysql-connector-java-5.1.31.jar:?]
	at org.apache.tomcat.dbcp.dbcp2.DriverConnectionFactory.createConnection(DriverConnectionFactory.java:38) ~[tomcat-dbcp.jar:8.5.31]
	at org.apache.tomcat.dbcp.dbcp2.PoolableConnectionFactory.makeObject(PoolableConnectionFactory.java:262) ~[tomcat-dbcp.jar:8.5.31]
	at org.apache.tomcat.dbcp.dbcp2.BasicDataSource.validateConnectionFactory(BasicDataSource.java:2352) ~[tomcat-dbcp.jar:8.5.31]
	at org.apache.tomcat.dbcp.dbcp2.BasicDataSource.createPoolableConnectionFactory(BasicDataSource.java:2338) ~[tomcat-dbcp.jar:8.5.31]
	at org.apache.tomcat.dbcp.dbcp2.BasicDataSource.createDataSource(BasicDataSource.java:2067) ~[tomcat-dbcp.jar:8.5.31]
	at org.apache.tomcat.dbcp.dbcp2.BasicDataSource.getConnection(BasicDataSource.java:1543) ~[tomcat-dbcp.jar:8.5.31]
	at org.apache.jackrabbit.core.util.db.ConnectionHelper.getExtraNameCharacters(ConnectionHelper.java:185) ~[jackrabbit-data-2.12.4.jar:2.12.4]
	at org.apache.jackrabbit.core.util.db.ConnectionHelper.prepareDbIdentifier(ConnectionHelper.java:140) ~[jackrabbit-data-2.12.4.jar:2.12.4]
	at org.apache.jackrabbit.core.persistence.pool.BundleDbPersistenceManager.init(BundleDbPersistenceManager.java:542) ~[jackrabbit-core-2.12.4.jar:2.12.4]
	at org.apache.jackrabbit.core.persistence.pool.MySqlPersistenceManager.init(MySqlPersistenceManager.java:51) ~[jackrabbit-core-2.12.4.jar:2.12.4]
	at org.apache.jackrabbit.core.RepositoryImpl.createPersistenceManager(RepositoryImpl.java:1375) ~[jackrabbit-core-2.12.4.jar:2.12.4]
	at org.apache.jackrabbit.core.RepositoryImpl.createVersionManager(RepositoryImpl.java:512) ~[jackrabbit-core-2.12.4.jar:2.12.4]
	at org.apache.jackrabbit.core.RepositoryImpl.<init>(RepositoryImpl.java:313) ~[jackrabbit-core-2.12.4.jar:2.12.4]
	at org.apache.jackrabbit.core.RepositoryImpl.create(RepositoryImpl.java:615) ~[jackrabbit-core-2.12.4.jar:2.12.4]
	at org.apache.jackrabbit.core.jndi.BindableRepository.createRepository(BindableRepository.java:141) ~[jackrabbit-core-2.12.4.jar:2.12.4]
	at org.apache.jackrabbit.core.jndi.BindableRepository.init(BindableRepository.java:117) ~[jackrabbit-core-2.12.4.jar:2.12.4]
	at org.apache.jackrabbit.core.jndi.BindableRepository.<init>(BindableRepository.java:106) ~[jackrabbit-core-2.12.4.jar:2.12.4]
	at org.apache.jackrabbit.core.jndi.BindableRepositoryFactory.getObjectInstance(BindableRepositoryFactory.java:52) ~[jackrabbit-core-2.12.4.jar:2.12.4]
	at org.apache.jackrabbit.core.jndi.RegistryHelper.registerRepository(RegistryHelper.java:74) ~[jackrabbit-core-2.12.4.jar:2.12.4]
	at info.magnolia.jackrabbit.ProviderImpl.init(ProviderImpl.java:223) ~[magnolia-core-5.6.2.jar:?]
	... 24 more
Caused by: java.net.ConnectException: Connection refused (Connection refused)
	at java.net.PlainSocketImpl.socketConnect(Native Method) ~[?:1.8.0_172]
	at java.net.AbstractPlainSocketImpl.doConnect(AbstractPlainSocketImpl.java:350) ~[?:1.8.0_172]
	at java.net.AbstractPlainSocketImpl.connectToAddress(AbstractPlainSocketImpl.java:206) ~[?:1.8.0_172]
	at java.net.AbstractPlainSocketImpl.connect(AbstractPlainSocketImpl.java:188) ~[?:1.8.0_172]
	at java.net.SocksSocketImpl.connect(SocksSocketImpl.java:392) ~[?:1.8.0_172]
	at java.net.Socket.connect(Socket.java:589) ~[?:1.8.0_172]
	at java.net.Socket.connect(Socket.java:538) ~[?:1.8.0_172]
	at java.net.Socket.<init>(Socket.java:434) ~[?:1.8.0_172]
	at java.net.Socket.<init>(Socket.java:244) ~[?:1.8.0_172]
	at com.mysql.jdbc.StandardSocketFactory.connect(StandardSocketFactory.java:258) ~[mysql-connector-java-5.1.31.jar:?]
	at com.mysql.jdbc.MysqlIO.<init>(MysqlIO.java:306) ~[mysql-connector-java-5.1.31.jar:?]
	at com.mysql.jdbc.ConnectionImpl.coreConnect(ConnectionImpl.java:2504) ~[mysql-connector-java-5.1.31.jar:?]
	at com.mysql.jdbc.ConnectionImpl.connectOneTryOnly(ConnectionImpl.java:2541) ~[mysql-connector-java-5.1.31.jar:?]
	at com.mysql.jdbc.ConnectionImpl.createNewIO(ConnectionImpl.java:2323) ~[mysql-connector-java-5.1.31.jar:?]
	at com.mysql.jdbc.ConnectionImpl.<init>(ConnectionImpl.java:832) ~[mysql-connector-java-5.1.31.jar:?]
	at com.mysql.jdbc.JDBC4Connection.<init>(JDBC4Connection.java:46) ~[mysql-connector-java-5.1.31.jar:?]
	at sun.reflect.NativeConstructorAccessorImpl.newInstance0(Native Method) ~[?:1.8.0_172]
	at sun.reflect.NativeConstructorAccessorImpl.newInstance(NativeConstructorAccessorImpl.java:62) ~[?:1.8.0_172]
	at sun.reflect.DelegatingConstructorAccessorImpl.newInstance(DelegatingConstructorAccessorImpl.java:45) ~[?:1.8.0_172]
	at java.lang.reflect.Constructor.newInstance(Constructor.java:423) ~[?:1.8.0_172]
	at com.mysql.jdbc.Util.handleNewInstance(Util.java:408) ~[mysql-connector-java-5.1.31.jar:?]
	at com.mysql.jdbc.ConnectionImpl.getInstance(ConnectionImpl.java:417) ~[mysql-connector-java-5.1.31.jar:?]
	at com.mysql.jdbc.NonRegisteringDriver.connect(NonRegisteringDriver.java:344) ~[mysql-connector-java-5.1.31.jar:?]
	at org.apache.tomcat.dbcp.dbcp2.DriverConnectionFactory.createConnection(DriverConnectionFactory.java:38) ~[tomcat-dbcp.jar:8.5.31]
	at org.apache.tomcat.dbcp.dbcp2.PoolableConnectionFactory.makeObject(PoolableConnectionFactory.java:262) ~[tomcat-dbcp.jar:8.5.31]
	at org.apache.tomcat.dbcp.dbcp2.BasicDataSource.validateConnectionFactory(BasicDataSource.java:2352) ~[tomcat-dbcp.jar:8.5.31]
	at org.apache.tomcat.dbcp.dbcp2.BasicDataSource.createPoolableConnectionFactory(BasicDataSource.java:2338) ~[tomcat-dbcp.jar:8.5.31]
	at org.apache.tomcat.dbcp.dbcp2.BasicDataSource.createDataSource(BasicDataSource.java:2067) ~[tomcat-dbcp.jar:8.5.31]
	at org.apache.tomcat.dbcp.dbcp2.BasicDataSource.getConnection(BasicDataSource.java:1543) ~[tomcat-dbcp.jar:8.5.31]
	at org.apache.jackrabbit.core.util.db.ConnectionHelper.getExtraNameCharacters(ConnectionHelper.java:185) ~[jackrabbit-data-2.12.4.jar:2.12.4]
	at org.apache.jackrabbit.core.util.db.ConnectionHelper.prepareDbIdentifier(ConnectionHelper.java:140) ~[jackrabbit-data-2.12.4.jar:2.12.4]
	at org.apache.jackrabbit.core.persistence.pool.BundleDbPersistenceManager.init(BundleDbPersistenceManager.java:542) ~[jackrabbit-core-2.12.4.jar:2.12.4]
	at org.apache.jackrabbit.core.persistence.pool.MySqlPersistenceManager.init(MySqlPersistenceManager.java:51) ~[jackrabbit-core-2.12.4.jar:2.12.4]
	at org.apache.jackrabbit.core.RepositoryImpl.createPersistenceManager(RepositoryImpl.java:1375) ~[jackrabbit-core-2.12.4.jar:2.12.4]
	at org.apache.jackrabbit.core.RepositoryImpl.createVersionManager(RepositoryImpl.java:512) ~[jackrabbit-core-2.12.4.jar:2.12.4]
	at org.apache.jackrabbit.core.RepositoryImpl.<init>(RepositoryImpl.java:313) ~[jackrabbit-core-2.12.4.jar:2.12.4]
	at org.apache.jackrabbit.core.RepositoryImpl.create(RepositoryImpl.java:615) ~[jackrabbit-core-2.12.4.jar:2.12.4]
	at org.apache.jackrabbit.core.jndi.BindableRepository.createRepository(BindableRepository.java:141) ~[jackrabbit-core-2.12.4.jar:2.12.4]
	at org.apache.jackrabbit.core.jndi.BindableRepository.init(BindableRepository.java:117) ~[jackrabbit-core-2.12.4.jar:2.12.4]
	at org.apache.jackrabbit.core.jndi.BindableRepository.<init>(BindableRepository.java:106) ~[jackrabbit-core-2.12.4.jar:2.12.4]
	at org.apache.jackrabbit.core.jndi.BindableRepositoryFactory.getObjectInstance(BindableRepositoryFactory.java:52) ~[jackrabbit-core-2.12.4.jar:2.12.4]
	at org.apache.jackrabbit.core.jndi.RegistryHelper.registerRepository(RegistryHelper.java:74) ~[jackrabbit-core-2.12.4.jar:2.12.4]
	at info.magnolia.jackrabbit.ProviderImpl.init(ProviderImpl.java:223) ~[magnolia-core-5.6.2.jar:?]
	... 24 more
2018-05-22 15:33:56,657 ERROR info.magnolia.init.MagnoliaServletContextListener : Oops, Magnolia could not be started
java.lang.NullPointerException: null
	at info.magnolia.objectfactory.guice.GuiceUtils.hasExplicitBindingFor(GuiceUtils.java:158) ~[magnolia-core-5.6.2.jar:?]
	at info.magnolia.objectfactory.guice.GuiceUtils.hasExplicitBindingFor(GuiceUtils.java:152) ~[magnolia-core-5.6.2.jar:?]
	at info.magnolia.objectfactory.guice.GuiceComponentProvider.getComponent(GuiceComponentProvider.java:106) ~[magnolia-core-5.6.2.jar:?]
	at info.magnolia.objectfactory.Components.getComponent(Components.java:107) ~[magnolia-core-5.6.2.jar:?]
	at info.magnolia.context.ContextFactory.getInstance(ContextFactory.java:72) ~[magnolia-core-5.6.2.jar:?]
	at info.magnolia.context.MgnlContext.getSystemContext(MgnlContext.java:347) ~[magnolia-core-5.6.2.jar:?]
	at info.magnolia.context.MgnlContext.release(MgnlContext.java:615) ~[magnolia-core-5.6.2.jar:?]
	at info.magnolia.context.MgnlContext.doInSystemContext(MgnlContext.java:381) ~[magnolia-core-5.6.2.jar:?]
	at info.magnolia.init.MagnoliaServletContextListener.startServer(MagnoliaServletContextListener.java:256) ~[magnolia-core-5.6.2.jar:?]
	at info.magnolia.init.MagnoliaServletContextListener.contextInitialized(MagnoliaServletContextListener.java:182) [magnolia-core-5.6.2.jar:?]
	at info.magnolia.init.MagnoliaServletContextListener.contextInitialized(MagnoliaServletContextListener.java:128) [magnolia-core-5.6.2.jar:?]
	at org.apache.catalina.core.StandardContext.listenerStart(StandardContext.java:4792) [catalina.jar:8.5.31]
	at org.apache.catalina.core.StandardContext.startInternal(StandardContext.java:5256) [catalina.jar:8.5.31]
	at org.apache.catalina.util.LifecycleBase.start(LifecycleBase.java:150) [catalina.jar:8.5.31]
	at org.apache.catalina.core.ContainerBase.addChildInternal(ContainerBase.java:754) [catalina.jar:8.5.31]
	at org.apache.catalina.core.ContainerBase.addChild(ContainerBase.java:730) [catalina.jar:8.5.31]
	at org.apache.catalina.core.StandardHost.addChild(StandardHost.java:734) [catalina.jar:8.5.31]
	at org.apache.catalina.startup.HostConfig.deployWAR(HostConfig.java:985) [catalina.jar:8.5.31]
	at org.apache.catalina.startup.HostConfig$DeployWar.run(HostConfig.java:1857) [catalina.jar:8.5.31]
	at java.util.concurrent.Executors$RunnableAdapter.call(Executors.java:511) [?:1.8.0_172]
	at java.util.concurrent.FutureTask.run(FutureTask.java:266) [?:1.8.0_172]
	at java.util.concurrent.ThreadPoolExecutor.runWorker(ThreadPoolExecutor.java:1149) [?:1.8.0_172]
	at java.util.concurrent.ThreadPoolExecutor$Worker.run(ThreadPoolExecutor.java:624) [?:1.8.0_172]
	at java.lang.Thread.run(Thread.java:748) [?:1.8.0_172]
